********************************************************************************
Probe Values Report, written on Mon Nov 11 17:14:16 2024

Source
-------

   ODB: M:/Documents/AERO417/AERO417/Coursework1/Abaqus/Modal/Job-2.odb
   Step: modal
   Frame: Mode         1: Value =  6.04699E+05 Freq =   123.76     (cycles/time)
   Variable: U, Magnitude

Probe values reported at nodes

  Part Instance     Node ID            Orig. Coords                     Def. Coords          
                                 X          Y          Z          X          Y          Z    
-------------------------------------------------------------------------------------------
    PART-1-1           2         2.        0.0        0.0         2.    58.E-03        0.0
    PART-1-1           3         1.   225.E-03        0.0   775.E-03  -367.E-03        0.0


  Part Instance     Node ID  Attached elements  U, Magnitude
-------------------------------------------------------------
    PART-1-1           2          1   172.E-03
    PART-1-1           2          2   172.E-03
    PART-1-1           3          2   759.E-03
    PART-1-1           3          3   759.E-03
    PART-1-1           3          5   759.E-03


