Abaqus/Explicit 2022.HF8                         DATE 11-Nov-2024  TIME 17:18:40
-------------------------------------------------------------------------------
 PREPROCESSOR WARNING MESSAGES
-------------------------------------------------------------------------------


***WARNING: There are 2 warning messages in the data (.dat) file.  Please
            check the data file for possible errors in the input file.


-------------------------------------------------------------------------------
 MODEL INFORMATION (IN GLOBAL X-Y COORDINATES)
-------------------------------------------------------------------------------

   Total mass in model = 12.013
   Center of mass of model = ( 1.482336E+00, 5.999120E-01)

   Moments of Inertia :
                 About Center of Mass              About Origin
      I(XX)          3.975653E+00                  8.298916E+00
      I(YY)          6.100298E+00                  3.249580E+01
      I(XY)          1.718936E+00                 -8.963511E+00
      I(ZZ)          1.007595E+01                  4.079471E+01

-------------------------------------------------------------------------------
 STABLE TIME INCREMENT INFORMATION
-------------------------------------------------------------------------------


  The stable time increment estimate for each element is based on
  linearization about the initial state.


   Initial time increment = 9.06223E-05

   Statistics for all elements:
      Mean = 2.10214E-04
      Standard deviation = 9.96302E-05

   Most critical elements:
    Element number   Rank    Time increment   Increment ratio
    (Instance name)
   ----------------------------------------------------------
           2          1       9.062226E-05      1.000000E+00
    PART-1-1
           4          2       1.621100E-04      5.590171E-01
    PART-1-1
           1          3       1.914387E-04      4.733749E-01
    PART-1-1
           3          4       2.517285E-04      3.600000E-01
    PART-1-1
           5          5       3.551709E-04      2.551511E-01
    PART-1-1


  Instance name for the most critical element will be printed if the critical
  element changes or at the beginning of a new page.



Abaqus/Explicit 2022.HF8                         DATE 11-Nov-2024  TIME 17:18:44

The single precision Abaqus/Explicit executable will be used in this analysis.


-------------------------------------------------------------------------------
 SOLUTION PROGRESS
-------------------------------------------------------------------------------

 STEP 1  ORIGIN 0.0000

  Total memory used for step 1 is approximately 1.1 megabytes.
  Global time estimation algorithm will be used.
  Scaling factor:  1.0000
              STEP     TOTAL      WALL      STABLE    CRITICAL    KINETIC      TOTAL
INCREMENT     TIME      TIME      TIME   INCREMENT     ELEMENT     ENERGY     ENERGY
        0  0.000E+00 0.000E+00  00:00:00 9.062E-05           2  0.000E+00  0.000E+00
INSTANCE WITH CRITICAL ELEMENT: PART-1-1
Output Field Frame Number   0, of   20, at step time 0.000E+00
      285  5.012E-02 5.012E-02  00:00:00 1.794E-04           2  4.486E+00 -4.634E+00
INSTANCE WITH CRITICAL ELEMENT: PART-1-1
Output Field Frame Number   1, of   20, at step time 5.012E-02
      563  1.000E-01 1.000E-01  00:00:00 1.795E-04           2  6.852E+00 -4.693E+00
INSTANCE WITH CRITICAL ELEMENT: PART-1-1
Output Field Frame Number   2, of   20, at step time 1.000E-01
      842  1.501E-01 1.501E-01  00:00:01 1.795E-04           2  3.215E+00 -4.692E+00
INSTANCE WITH CRITICAL ELEMENT: PART-1-1
Output Field Frame Number   3, of   20, at step time 1.501E-01
     1121  2.002E-01 2.002E-01  00:00:01 1.795E-04           2  4.556E-01 -4.687E+00
INSTANCE WITH CRITICAL ELEMENT: PART-1-1
Output Field Frame Number   4, of   20, at step time 2.002E-01
     1399  2.501E-01 2.501E-01  00:00:01 1.795E-04           2  1.289E-01 -4.690E+00
INSTANCE WITH CRITICAL ELEMENT: PART-1-1
Output Field Frame Number   5, of   20, at step time 2.501E-01
     1678  3.001E-01 3.001E-01  00:00:01 1.795E-04           2  5.165E-01 -4.694E+00
INSTANCE WITH CRITICAL ELEMENT: PART-1-1
Output Field Frame Number   6, of   20, at step time 3.001E-01
     1956  3.500E-01 3.500E-01  00:00:01 1.795E-04           2  4.339E-01 -4.695E+00
INSTANCE WITH CRITICAL ELEMENT: PART-1-1
Output Field Frame Number   7, of   20, at step time 3.500E-01
     2235  4.001E-01 4.001E-01  00:00:01 1.795E-04           2  1.228E-01 -4.695E+00
INSTANCE WITH CRITICAL ELEMENT: PART-1-1
Output Field Frame Number   8, of   20, at step time 4.001E-01
     2514  4.502E-01 4.502E-01  00:00:01 1.795E-04           2  2.129E-03 -4.695E+00
INSTANCE WITH CRITICAL ELEMENT: PART-1-1
Output Field Frame Number   9, of   20, at step time 4.502E-01
     2792  5.001E-01 5.001E-01  00:00:01 1.795E-04           2  3.170E-02 -4.695E+00
INSTANCE WITH CRITICAL ELEMENT: PART-1-1
Output Field Frame Number  10, of   20, at step time 5.001E-01
     3071  5.501E-01 5.501E-01  00:00:01 1.795E-04           2  4.550E-02 -4.695E+00
INSTANCE WITH CRITICAL ELEMENT: PART-1-1
Output Field Frame Number  11, of   20, at step time 5.501E-01
     3349  6.000E-01 6.000E-01  00:00:02 1.795E-04           2  2.170E-02 -4.695E+00
INSTANCE WITH CRITICAL ELEMENT: PART-1-1
Output Field Frame Number  12, of   20, at step time 6.000E-01
     3628  6.501E-01 6.501E-01  00:00:02 1.795E-04           2  2.772E-03 -4.695E+00
INSTANCE WITH CRITICAL ELEMENT: PART-1-1
Output Field Frame Number  13, of   20, at step time 6.501E-01
     3907  7.002E-01 7.002E-01  00:00:02 1.795E-04           2  4.334E-04 -4.695E+00
INSTANCE WITH CRITICAL ELEMENT: PART-1-1
Output Field Frame Number  14, of   20, at step time 7.002E-01
     4185  7.501E-01 7.501E-01  00:00:02 1.795E-04           2  3.788E-03 -4.696E+00
INSTANCE WITH CRITICAL ELEMENT: PART-1-1
Output Field Frame Number  15, of   20, at step time 7.501E-01
     4464  8.001E-01 8.001E-01  00:00:02 1.795E-04           2  3.101E-03 -4.696E+00
INSTANCE WITH CRITICAL ELEMENT: PART-1-1
Output Field Frame Number  16, of   20, at step time 8.001E-01
     4742  8.500E-01 8.500E-01  00:00:02 1.795E-04           2  8.031E-04 -4.696E+00
INSTANCE WITH CRITICAL ELEMENT: PART-1-1
Output Field Frame Number  17, of   20, at step time 8.500E-01
     5021  9.001E-01 9.001E-01  00:00:02 1.795E-04           2  8.387E-06 -4.696E+00
INSTANCE WITH CRITICAL ELEMENT: PART-1-1
Output Field Frame Number  18, of   20, at step time 9.001E-01
     5300  9.502E-01 9.502E-01  00:00:02 1.795E-04           2  1.635E-04 -4.696E+00
INSTANCE WITH CRITICAL ELEMENT: PART-1-1
Output Field Frame Number  19, of   20, at step time 9.502E-01
     5578  1.000E+00 1.000E+00  00:00:02 1.795E-04           2  3.294E-04 -4.696E+00
INSTANCE WITH CRITICAL ELEMENT: PART-1-1
Restart Number  1 at 1.0000
Output Field Frame Number  20, of   20, at step time 1.000E+00
  EXPLICIT EXECUTABLE TIME SUMMARY
       USER TIME (SEC)      =  0.20000
       SYSTEM TIME (SEC)    =  0.30000
       WALLCLOCK TIME (SEC) =            3
              INIT (SEC) =          0
              MAIN (SEC) =          3

  THE ANALYSIS HAS COMPLETED SUCCESSFULLY

