Abaqus/Explicit 2022.HF8                         DATE 11-Nov-2024  TIME 17:22:05
-------------------------------------------------------------------------------
 PREPROCESSOR WARNING MESSAGES
-------------------------------------------------------------------------------


***WARNING: There are 2 warning messages in the data (.dat) file.  Please
            check the data file for possible errors in the input file.


-------------------------------------------------------------------------------
 MODEL INFORMATION (IN GLOBAL X-Y COORDINATES)
-------------------------------------------------------------------------------

   Total mass in model = 12.013
   Center of mass of model = ( 1.482336E+00, 5.999120E-01)

   Moments of Inertia :
                 About Center of Mass              About Origin
      I(XX)          3.975653E+00                  8.298916E+00
      I(YY)          6.100298E+00                  3.249580E+01
      I(XY)          1.718936E+00                 -8.963511E+00
      I(ZZ)          1.007595E+01                  4.079471E+01

-------------------------------------------------------------------------------
 STABLE TIME INCREMENT INFORMATION
-------------------------------------------------------------------------------


  The stable time increment estimate for each element is based on
  linearization about the initial state.


   Initial time increment = 9.06223E-05

   Statistics for all elements:
      Mean = 2.10214E-04
      Standard deviation = 9.96302E-05

   Most critical elements:
    Element number   Rank    Time increment   Increment ratio
    (Instance name)
   ----------------------------------------------------------
           2          1       9.062226E-05      1.000000E+00
    PART-1-1
           4          2       1.621100E-04      5.590171E-01
    PART-1-1
           1          3       1.914387E-04      4.733749E-01
    PART-1-1
           3          4       2.517285E-04      3.600000E-01
    PART-1-1
           5          5       3.551709E-04      2.551511E-01
    PART-1-1


  Instance name for the most critical element will be printed if the critical
  element changes or at the beginning of a new page.



Abaqus/Explicit 2022.HF8                         DATE 11-Nov-2024  TIME 17:22:09

The single precision Abaqus/Explicit executable will be used in this analysis.


-------------------------------------------------------------------------------
 SOLUTION PROGRESS
-------------------------------------------------------------------------------

 STEP 1  ORIGIN 0.0000

  Total memory used for step 1 is approximately 1.1 megabytes.
  Global time estimation algorithm will be used.
  Scaling factor:  1.0000
              STEP     TOTAL      WALL      STABLE    CRITICAL    KINETIC      TOTAL
INCREMENT     TIME      TIME      TIME   INCREMENT     ELEMENT     ENERGY     ENERGY
        0  0.000E+00 0.000E+00  00:00:00 9.062E-05           2  0.000E+00  0.000E+00
INSTANCE WITH CRITICAL ELEMENT: PART-1-1
Output Field Frame Number   0, of   20, at step time 0.000E+00
      354  6.250E-02 6.250E-02  00:00:01 1.795E-04           2  6.756E+00 -4.674E+00
INSTANCE WITH CRITICAL ELEMENT: PART-1-1
Output Field Frame Number   1, of   20, at step time 6.250E-02
      703  1.251E-01 1.251E-01  00:00:01 1.795E-04           2  5.293E+00 -4.695E+00
INSTANCE WITH CRITICAL ELEMENT: PART-1-1
Output Field Frame Number   2, of   20, at step time 1.251E-01
     1051  1.876E-01 1.876E-01  00:00:01 1.795E-04           2  8.304E-01 -4.687E+00
INSTANCE WITH CRITICAL ELEMENT: PART-1-1
Output Field Frame Number   3, of   20, at step time 1.876E-01
     1399  2.501E-01 2.501E-01  00:00:01 1.795E-04           2  1.289E-01 -4.690E+00
INSTANCE WITH CRITICAL ELEMENT: PART-1-1
Output Field Frame Number   4, of   20, at step time 2.501E-01
     1747  3.125E-01 3.125E-01  00:00:01 1.795E-04           2  5.955E-01 -4.695E+00
INSTANCE WITH CRITICAL ELEMENT: PART-1-1
Output Field Frame Number   5, of   20, at step time 3.125E-01
     2096  3.751E-01 3.751E-01  00:00:02 1.795E-04           2  2.820E-01 -4.695E+00
INSTANCE WITH CRITICAL ELEMENT: PART-1-1
Output Field Frame Number   6, of   20, at step time 3.751E-01
     2444  4.376E-01 4.376E-01  00:00:02 1.795E-04           2  1.018E-02 -4.695E+00
INSTANCE WITH CRITICAL ELEMENT: PART-1-1
Output Field Frame Number   7, of   20, at step time 4.376E-01
     2792  5.001E-01 5.001E-01  00:00:02 1.795E-04           2  3.170E-02 -4.695E+00
INSTANCE WITH CRITICAL ELEMENT: PART-1-1
Output Field Frame Number   8, of   20, at step time 5.001E-01
     3140  5.625E-01 5.625E-01  00:00:02 1.795E-04           2  4.277E-02 -4.695E+00
INSTANCE WITH CRITICAL ELEMENT: PART-1-1
Output Field Frame Number   9, of   20, at step time 5.625E-01
     3489  6.251E-01 6.251E-01  00:00:03 1.795E-04           2  1.131E-02 -4.695E+00
INSTANCE WITH CRITICAL ELEMENT: PART-1-1
Output Field Frame Number  10, of   20, at step time 6.251E-01
     3837  6.876E-01 6.876E-01  00:00:03 1.795E-04           2  8.590E-05 -4.695E+00
INSTANCE WITH CRITICAL ELEMENT: PART-1-1
Output Field Frame Number  11, of   20, at step time 6.876E-01
     4185  7.501E-01 7.501E-01  00:00:03 1.795E-04           2  3.788E-03 -4.696E+00
INSTANCE WITH CRITICAL ELEMENT: PART-1-1
Output Field Frame Number  12, of   20, at step time 7.501E-01
     4533  8.125E-01 8.125E-01  00:00:03 1.795E-04           2  2.441E-03 -4.696E+00
INSTANCE WITH CRITICAL ELEMENT: PART-1-1
Output Field Frame Number  13, of   20, at step time 8.125E-01
     4882  8.751E-01 8.751E-01  00:00:03 1.795E-04           2  2.878E-04 -4.696E+00
INSTANCE WITH CRITICAL ELEMENT: PART-1-1
Output Field Frame Number  14, of   20, at step time 8.751E-01
     5230  9.376E-01 9.376E-01  00:00:04 1.795E-04           2  1.159E-04 -4.696E+00
INSTANCE WITH CRITICAL ELEMENT: PART-1-1
Output Field Frame Number  15, of   20, at step time 9.376E-01
     5578  1.000E+00 1.000E+00  00:00:04 1.795E-04           2  3.229E-04 -4.696E+00
INSTANCE WITH CRITICAL ELEMENT: PART-1-1
Output Field Frame Number  16, of   20, at step time 1.000E+00
     5926  1.063E+00 1.063E+00  00:00:04 1.795E-04           2  1.080E-04 -4.696E+00
INSTANCE WITH CRITICAL ELEMENT: PART-1-1
Output Field Frame Number  17, of   20, at step time 1.063E+00
     6274  1.125E+00 1.125E+00  00:00:05 1.795E-04           2  9.980E-09 -4.696E+00
INSTANCE WITH CRITICAL ELEMENT: PART-1-1
Output Field Frame Number  18, of   20, at step time 1.125E+00
     6623  1.188E+00 1.188E+00  00:00:05 1.795E-04           2  2.049E-05 -4.696E+00
INSTANCE WITH CRITICAL ELEMENT: PART-1-1
Output Field Frame Number  19, of   20, at step time 1.188E+00
     6971  1.250E+00 1.250E+00  00:00:05 1.795E-04           2  2.108E-05 -4.696E+00
INSTANCE WITH CRITICAL ELEMENT: PART-1-1
Restart Number  1 at 1.2500
Output Field Frame Number  20, of   20, at step time 1.250E+00
  EXPLICIT EXECUTABLE TIME SUMMARY
       USER TIME (SEC)      =  0.30000
       SYSTEM TIME (SEC)    =  0.40000
       WALLCLOCK TIME (SEC) =            5
              INIT (SEC) =          1
              MAIN (SEC) =          4

  THE ANALYSIS HAS COMPLETED SUCCESSFULLY

