Analysis initiated from SIMULIA established products
Abaqus JOB Job-3
Abaqus 2022.HF8
USING MEMORY DOUG-LEA ALLOCATOR
Abaqus License Manager checked out the following licenses:
Abaqus/Explicit checked out 5 tokens from Flexnet server licensebroker23.
<143 out of 160 licenses remain available>.
Begin Analysis Input File Processor
11/11/2024 17:18:33
Run pre.exe
11/11/2024 17:18:37
End Analysis Input File Processor
Begin Abaqus/Explicit Packager
11/11/2024 17:18:37
PAC_NUM_THREADS VALUE: 1
Run package.exe
11/11/2024 17:18:41
End Abaqus/Explicit Packager
Begin Abaqus/Explicit Analysis
11/11/2024 17:18:41
Run explicit.exe
11/11/2024 17:18:47
End Abaqus/Explicit Analysis
Abaqus JOB Job-3 COMPLETED
